  Projeto-Meta2.cpp
C:\Users\anton\Desktop\Uni\3 Ano\2 Semestre\CG\Projeto-Meta2\materiais.h(5,50): warning C4305: 'initializing': truncation from 'double' to 'GLfloat'
C:\Users\anton\Desktop\Uni\3 Ano\2 Semestre\CG\Projeto-Meta2\materiais.h(6,55): warning C4305: 'initializing': truncation from 'double' to 'GLfloat'
C:\Users\anton\Desktop\Uni\3 Ano\2 Semestre\CG\Projeto-Meta2\materiais.h(7,51): warning C4305: 'initializing': truncation from 'double' to 'GLfloat'
C:\Users\anton\Desktop\Uni\3 Ano\2 Semestre\CG\Projeto-Meta2\materiais.h(8,23): warning C4244: 'initializing': conversion from 'double' to 'GLint', possible loss of data
C:\Users\anton\Desktop\Uni\3 Ano\2 Semestre\CG\Projeto-Meta2\materiais.h(10,45): warning C4305: 'initializing': truncation from 'double' to 'GLfloat'
C:\Users\anton\Desktop\Uni\3 Ano\2 Semestre\CG\Projeto-Meta2\materiais.h(11,42): warning C4305: 'initializing': truncation from 'double' to 'GLfloat'
C:\Users\anton\Desktop\Uni\3 Ano\2 Semestre\CG\Projeto-Meta2\materiais.h(12,53): warning C4305: 'initializing': truncation from 'double' to 'GLfloat'
C:\Users\anton\Desktop\Uni\3 Ano\2 Semestre\CG\Projeto-Meta2\materiais.h(13,18): warning C4244: 'initializing': conversion from 'double' to 'GLint', possible loss of data
C:\Users\anton\Desktop\Uni\3 Ano\2 Semestre\CG\Projeto-Meta2\materiais.h(15,50): warning C4305: 'initializing': truncation from 'double' to 'GLfloat'
C:\Users\anton\Desktop\Uni\3 Ano\2 Semestre\CG\Projeto-Meta2\materiais.h(16,52): warning C4305: 'initializing': truncation from 'double' to 'GLfloat'
C:\Users\anton\Desktop\Uni\3 Ano\2 Semestre\CG\Projeto-Meta2\materiais.h(17,57): warning C4305: 'initializing': truncation from 'double' to 'GLfloat'
C:\Users\anton\Desktop\Uni\3 Ano\2 Semestre\CG\Projeto-Meta2\materiais.h(18,21): warning C4244: 'initializing': conversion from 'double' to 'GLint', possible loss of data
C:\Users\anton\Desktop\Uni\3 Ano\2 Semestre\CG\Projeto-Meta2\materiais.h(20,47): warning C4305: 'initializing': truncation from 'double' to 'GLfloat'
C:\Users\anton\Desktop\Uni\3 Ano\2 Semestre\CG\Projeto-Meta2\materiais.h(21,44): warning C4305: 'initializing': truncation from 'double' to 'GLfloat'
C:\Users\anton\Desktop\Uni\3 Ano\2 Semestre\CG\Projeto-Meta2\materiais.h(22,54): warning C4305: 'initializing': truncation from 'double' to 'GLfloat'
C:\Users\anton\Desktop\Uni\3 Ano\2 Semestre\CG\Projeto-Meta2\materiais.h(23,18): warning C4244: 'initializing': conversion from 'double' to 'GLint', possible loss of data
C:\Users\anton\Desktop\Uni\3 Ano\2 Semestre\CG\Projeto-Meta2\materiais.h(25,48): warning C4305: 'initializing': truncation from 'double' to 'GLfloat'
C:\Users\anton\Desktop\Uni\3 Ano\2 Semestre\CG\Projeto-Meta2\materiais.h(26,51): warning C4305: 'initializing': truncation from 'double' to 'GLfloat'
C:\Users\anton\Desktop\Uni\3 Ano\2 Semestre\CG\Projeto-Meta2\materiais.h(27,53): warning C4305: 'initializing': truncation from 'double' to 'GLfloat'
C:\Users\anton\Desktop\Uni\3 Ano\2 Semestre\CG\Projeto-Meta2\materiais.h(28,17): warning C4244: 'initializing': conversion from 'double' to 'GLint', possible loss of data
C:\Users\anton\Desktop\Uni\3 Ano\2 Semestre\CG\Projeto-Meta2\materiais.h(30,49): warning C4305: 'initializing': truncation from 'double' to 'GLfloat'
C:\Users\anton\Desktop\Uni\3 Ano\2 Semestre\CG\Projeto-Meta2\materiais.h(31,54): warning C4305: 'initializing': truncation from 'double' to 'GLfloat'
C:\Users\anton\Desktop\Uni\3 Ano\2 Semestre\CG\Projeto-Meta2\materiais.h(32,57): warning C4305: 'initializing': truncation from 'double' to 'GLfloat'
C:\Users\anton\Desktop\Uni\3 Ano\2 Semestre\CG\Projeto-Meta2\materiais.h(33,22): warning C4244: 'initializing': conversion from 'double' to 'GLint', possible loss of data
C:\Users\anton\Desktop\Uni\3 Ano\2 Semestre\CG\Projeto-Meta2\materiais.h(35,53): warning C4305: 'initializing': truncation from 'double' to 'GLfloat'
C:\Users\anton\Desktop\Uni\3 Ano\2 Semestre\CG\Projeto-Meta2\materiais.h(36,55): warning C4305: 'initializing': truncation from 'double' to 'GLfloat'
C:\Users\anton\Desktop\Uni\3 Ano\2 Semestre\CG\Projeto-Meta2\materiais.h(37,54): warning C4305: 'initializing': truncation from 'double' to 'GLfloat'
C:\Users\anton\Desktop\Uni\3 Ano\2 Semestre\CG\Projeto-Meta2\materiais.h(38,18): warning C4244: 'initializing': conversion from 'double' to 'GLint', possible loss of data
C:\Users\anton\Desktop\Uni\3 Ano\2 Semestre\CG\Projeto-Meta2\materiais.h(40,47): warning C4305: 'initializing': truncation from 'double' to 'GLfloat'
C:\Users\anton\Desktop\Uni\3 Ano\2 Semestre\CG\Projeto-Meta2\materiais.h(41,50): warning C4305: 'initializing': truncation from 'double' to 'GLfloat'
C:\Users\anton\Desktop\Uni\3 Ano\2 Semestre\CG\Projeto-Meta2\materiais.h(42,55): warning C4305: 'initializing': truncation from 'double' to 'GLfloat'
C:\Users\anton\Desktop\Uni\3 Ano\2 Semestre\CG\Projeto-Meta2\materiais.h(43,19): warning C4244: 'initializing': conversion from 'double' to 'GLint', possible loss of data
C:\Users\anton\Desktop\Uni\3 Ano\2 Semestre\CG\Projeto-Meta2\materiais.h(46,41): warning C4305: 'initializing': truncation from 'double' to 'GLfloat'
C:\Users\anton\Desktop\Uni\3 Ano\2 Semestre\CG\Projeto-Meta2\materiais.h(47,55): warning C4305: 'initializing': truncation from 'double' to 'GLfloat'
C:\Users\anton\Desktop\Uni\3 Ano\2 Semestre\CG\Projeto-Meta2\materiais.h(48,19): warning C4244: 'initializing': conversion from 'double' to 'GLint', possible loss of data
C:\Users\anton\Desktop\Uni\3 Ano\2 Semestre\CG\Projeto-Meta2\materiais.h(50,49): warning C4305: 'initializing': truncation from 'double' to 'GLfloat'
C:\Users\anton\Desktop\Uni\3 Ano\2 Semestre\CG\Projeto-Meta2\materiais.h(51,51): warning C4305: 'initializing': truncation from 'double' to 'GLfloat'
C:\Users\anton\Desktop\Uni\3 Ano\2 Semestre\CG\Projeto-Meta2\materiais.h(52,55): warning C4305: 'initializing': truncation from 'double' to 'GLfloat'
C:\Users\anton\Desktop\Uni\3 Ano\2 Semestre\CG\Projeto-Meta2\materiais.h(53,19): warning C4244: 'initializing': conversion from 'double' to 'GLint', possible loss of data
C:\Users\anton\Desktop\Uni\3 Ano\2 Semestre\CG\Projeto-Meta2\materiais.h(55,47): warning C4305: 'initializing': truncation from 'double' to 'GLfloat'
C:\Users\anton\Desktop\Uni\3 Ano\2 Semestre\CG\Projeto-Meta2\materiais.h(56,51): warning C4305: 'initializing': truncation from 'double' to 'GLfloat'
C:\Users\anton\Desktop\Uni\3 Ano\2 Semestre\CG\Projeto-Meta2\materiais.h(57,53): warning C4305: 'initializing': truncation from 'double' to 'GLfloat'
C:\Users\anton\Desktop\Uni\3 Ano\2 Semestre\CG\Projeto-Meta2\materiais.h(58,17): warning C4244: 'initializing': conversion from 'double' to 'GLint', possible loss of data
C:\Users\anton\Desktop\Uni\3 Ano\2 Semestre\CG\Projeto-Meta2\materiais.h(60,51): warning C4305: 'initializing': truncation from 'double' to 'GLfloat'
C:\Users\anton\Desktop\Uni\3 Ano\2 Semestre\CG\Projeto-Meta2\materiais.h(61,53): warning C4305: 'initializing': truncation from 'double' to 'GLfloat'
C:\Users\anton\Desktop\Uni\3 Ano\2 Semestre\CG\Projeto-Meta2\materiais.h(62,55): warning C4305: 'initializing': truncation from 'double' to 'GLfloat'
C:\Users\anton\Desktop\Uni\3 Ano\2 Semestre\CG\Projeto-Meta2\materiais.h(63,19): warning C4244: 'initializing': conversion from 'double' to 'GLint', possible loss of data
C:\Users\anton\Desktop\Uni\3 Ano\2 Semestre\CG\Projeto-Meta2\materiais.h(66,49): warning C4305: 'initializing': truncation from 'double' to 'GLfloat'
C:\Users\anton\Desktop\Uni\3 Ano\2 Semestre\CG\Projeto-Meta2\materiais.h(68,24): warning C4244: 'initializing': conversion from 'double' to 'GLint', possible loss of data
C:\Users\anton\Desktop\Uni\3 Ano\2 Semestre\CG\Projeto-Meta2\materiais.h(71,45): warning C4305: 'initializing': truncation from 'double' to 'GLfloat'
C:\Users\anton\Desktop\Uni\3 Ano\2 Semestre\CG\Projeto-Meta2\materiais.h(72,60): warning C4305: 'initializing': truncation from 'double' to 'GLfloat'
C:\Users\anton\Desktop\Uni\3 Ano\2 Semestre\CG\Projeto-Meta2\materiais.h(73,66): warning C4305: 'initializing': truncation from 'double' to 'GLfloat'
C:\Users\anton\Desktop\Uni\3 Ano\2 Semestre\CG\Projeto-Meta2\materiais.h(74,24): warning C4244: 'initializing': conversion from 'double' to 'GLint', possible loss of data
C:\Users\anton\Desktop\Uni\3 Ano\2 Semestre\CG\Projeto-Meta2\materiais.h(77,47): warning C4305: 'initializing': truncation from 'double' to 'GLfloat'
C:\Users\anton\Desktop\Uni\3 Ano\2 Semestre\CG\Projeto-Meta2\materiais.h(78,48): warning C4305: 'initializing': truncation from 'double' to 'GLfloat'
C:\Users\anton\Desktop\Uni\3 Ano\2 Semestre\CG\Projeto-Meta2\materiais.h(79,24): warning C4244: 'initializing': conversion from 'double' to 'GLint', possible loss of data
C:\Users\anton\Desktop\Uni\3 Ano\2 Semestre\CG\Projeto-Meta2\materiais.h(83,44): warning C4305: 'initializing': truncation from 'double' to 'GLfloat'
C:\Users\anton\Desktop\Uni\3 Ano\2 Semestre\CG\Projeto-Meta2\materiais.h(84,23): warning C4244: 'initializing': conversion from 'double' to 'GLint', possible loss of data
C:\Users\anton\Desktop\Uni\3 Ano\2 Semestre\CG\Projeto-Meta2\materiais.h(86,44): warning C4305: 'initializing': truncation from 'double' to 'GLfloat'
C:\Users\anton\Desktop\Uni\3 Ano\2 Semestre\CG\Projeto-Meta2\materiais.h(87,49): warning C4305: 'initializing': truncation from 'double' to 'GLfloat'
C:\Users\anton\Desktop\Uni\3 Ano\2 Semestre\CG\Projeto-Meta2\materiais.h(88,51): warning C4305: 'initializing': truncation from 'double' to 'GLfloat'
C:\Users\anton\Desktop\Uni\3 Ano\2 Semestre\CG\Projeto-Meta2\materiais.h(89,24): warning C4244: 'initializing': conversion from 'double' to 'GLint', possible loss of data
C:\Users\anton\Desktop\Uni\3 Ano\2 Semestre\CG\Projeto-Meta2\materiais.h(93,49): warning C4305: 'initializing': truncation from 'double' to 'GLfloat'
C:\Users\anton\Desktop\Uni\3 Ano\2 Semestre\CG\Projeto-Meta2\materiais.h(94,25): warning C4244: 'initializing': conversion from 'double' to 'GLint', possible loss of data
C:\Users\anton\Desktop\Uni\3 Ano\2 Semestre\CG\Projeto-Meta2\materiais.h(96,47): warning C4305: 'initializing': truncation from 'double' to 'GLfloat'
C:\Users\anton\Desktop\Uni\3 Ano\2 Semestre\CG\Projeto-Meta2\materiais.h(97,49): warning C4305: 'initializing': truncation from 'double' to 'GLfloat'
C:\Users\anton\Desktop\Uni\3 Ano\2 Semestre\CG\Projeto-Meta2\materiais.h(98,45): warning C4305: 'initializing': truncation from 'double' to 'GLfloat'
C:\Users\anton\Desktop\Uni\3 Ano\2 Semestre\CG\Projeto-Meta2\materiais.h(99,24): warning C4244: 'initializing': conversion from 'double' to 'GLint', possible loss of data
C:\Users\anton\Desktop\Uni\3 Ano\2 Semestre\CG\Projeto-Meta2\materiais.h(101,45): warning C4305: 'initializing': truncation from 'double' to 'GLfloat'
C:\Users\anton\Desktop\Uni\3 Ano\2 Semestre\CG\Projeto-Meta2\materiais.h(102,45): warning C4305: 'initializing': truncation from 'double' to 'GLfloat'
C:\Users\anton\Desktop\Uni\3 Ano\2 Semestre\CG\Projeto-Meta2\materiais.h(103,45): warning C4305: 'initializing': truncation from 'double' to 'GLfloat'
C:\Users\anton\Desktop\Uni\3 Ano\2 Semestre\CG\Projeto-Meta2\materiais.h(104,23): warning C4244: 'initializing': conversion from 'double' to 'GLint', possible loss of data
C:\Users\anton\Desktop\Uni\3 Ano\2 Semestre\CG\Projeto-Meta2\materiais.h(106,45): warning C4305: 'initializing': truncation from 'double' to 'GLfloat'
C:\Users\anton\Desktop\Uni\3 Ano\2 Semestre\CG\Projeto-Meta2\materiais.h(107,46): warning C4305: 'initializing': truncation from 'double' to 'GLfloat'
C:\Users\anton\Desktop\Uni\3 Ano\2 Semestre\CG\Projeto-Meta2\materiais.h(108,47): warning C4305: 'initializing': truncation from 'double' to 'GLfloat'
C:\Users\anton\Desktop\Uni\3 Ano\2 Semestre\CG\Projeto-Meta2\materiais.h(109,24): warning C4244: 'initializing': conversion from 'double' to 'GLint', possible loss of data
C:\Users\anton\Desktop\Uni\3 Ano\2 Semestre\CG\Projeto-Meta2\materiais.h(111,43): warning C4305: 'initializing': truncation from 'double' to 'GLfloat'
C:\Users\anton\Desktop\Uni\3 Ano\2 Semestre\CG\Projeto-Meta2\materiais.h(112,44): warning C4305: 'initializing': truncation from 'double' to 'GLfloat'
C:\Users\anton\Desktop\Uni\3 Ano\2 Semestre\CG\Projeto-Meta2\materiais.h(113,45): warning C4305: 'initializing': truncation from 'double' to 'GLfloat'
C:\Users\anton\Desktop\Uni\3 Ano\2 Semestre\CG\Projeto-Meta2\materiais.h(114,22): warning C4244: 'initializing': conversion from 'double' to 'GLint', possible loss of data
C:\Users\anton\Desktop\Uni\3 Ano\2 Semestre\CG\Projeto-Meta2\materiais.h(116,47): warning C4305: 'initializing': truncation from 'double' to 'GLfloat'
C:\Users\anton\Desktop\Uni\3 Ano\2 Semestre\CG\Projeto-Meta2\materiais.h(118,45): warning C4305: 'initializing': truncation from 'double' to 'GLfloat'
C:\Users\anton\Desktop\Uni\3 Ano\2 Semestre\CG\Projeto-Meta2\materiais.h(119,24): warning C4244: 'initializing': conversion from 'double' to 'GLint', possible loss of data
C:\Users\anton\Desktop\Uni\3 Ano\2 Semestre\CG\Projeto-Meta2\materiais.h(121,46): warning C4305: 'initializing': truncation from 'double' to 'GLfloat'
C:\Users\anton\Desktop\Uni\3 Ano\2 Semestre\CG\Projeto-Meta2\materiais.h(122,46): warning C4305: 'initializing': truncation from 'double' to 'GLfloat'
C:\Users\anton\Desktop\Uni\3 Ano\2 Semestre\CG\Projeto-Meta2\materiais.h(123,46): warning C4305: 'initializing': truncation from 'double' to 'GLfloat'
C:\Users\anton\Desktop\Uni\3 Ano\2 Semestre\CG\Projeto-Meta2\materiais.h(124,24): warning C4244: 'initializing': conversion from 'double' to 'GLint', possible loss of data
C:\Users\anton\Desktop\Uni\3 Ano\2 Semestre\CG\Projeto-Meta2\Projeto-Meta2.cpp(39,15): warning C4838: conversion from 'double' to 'GLfloat' requires a narrowing conversion
C:\Users\anton\Desktop\Uni\3 Ano\2 Semestre\CG\Projeto-Meta2\Projeto-Meta2.cpp(39,15): warning C4244: 'initializing': conversion from 'double' to 'GLfloat', possible loss of data
C:\Users\anton\Desktop\Uni\3 Ano\2 Semestre\CG\Projeto-Meta2\Projeto-Meta2.cpp(40,14): warning C4838: conversion from 'double' to 'GLfloat' requires a narrowing conversion
C:\Users\anton\Desktop\Uni\3 Ano\2 Semestre\CG\Projeto-Meta2\Projeto-Meta2.cpp(40,14): warning C4244: 'initializing': conversion from 'double' to 'GLfloat', possible loss of data
C:\Users\anton\Desktop\Uni\3 Ano\2 Semestre\CG\Projeto-Meta2\Projeto-Meta2.cpp(41,14): warning C4838: conversion from 'double' to 'GLfloat' requires a narrowing conversion
C:\Users\anton\Desktop\Uni\3 Ano\2 Semestre\CG\Projeto-Meta2\Projeto-Meta2.cpp(41,14): warning C4244: 'initializing': conversion from 'double' to 'GLfloat', possible loss of data
C:\Users\anton\Desktop\Uni\3 Ano\2 Semestre\CG\Projeto-Meta2\Projeto-Meta2.cpp(42,14): warning C4838: conversion from 'double' to 'GLfloat' requires a narrowing conversion
C:\Users\anton\Desktop\Uni\3 Ano\2 Semestre\CG\Projeto-Meta2\Projeto-Meta2.cpp(42,14): warning C4244: 'initializing': conversion from 'double' to 'GLfloat', possible loss of data
C:\Users\anton\Desktop\Uni\3 Ano\2 Semestre\CG\Projeto-Meta2\Projeto-Meta2.cpp(49,9): warning C4838: conversion from 'double' to 'GLfloat' requires a narrowing conversion
C:\Users\anton\Desktop\Uni\3 Ano\2 Semestre\CG\Projeto-Meta2\Projeto-Meta2.cpp(49,9): warning C4244: 'initializing': conversion from 'double' to 'GLfloat', possible loss of data
C:\Users\anton\Desktop\Uni\3 Ano\2 Semestre\CG\Projeto-Meta2\Projeto-Meta2.cpp(50,9): warning C4838: conversion from 'double' to 'GLfloat' requires a narrowing conversion
C:\Users\anton\Desktop\Uni\3 Ano\2 Semestre\CG\Projeto-Meta2\Projeto-Meta2.cpp(50,9): warning C4244: 'initializing': conversion from 'double' to 'GLfloat', possible loss of data
C:\Users\anton\Desktop\Uni\3 Ano\2 Semestre\CG\Projeto-Meta2\Projeto-Meta2.cpp(51,9): warning C4838: conversion from 'double' to 'GLfloat' requires a narrowing conversion
C:\Users\anton\Desktop\Uni\3 Ano\2 Semestre\CG\Projeto-Meta2\Projeto-Meta2.cpp(51,9): warning C4244: 'initializing': conversion from 'double' to 'GLfloat', possible loss of data
C:\Users\anton\Desktop\Uni\3 Ano\2 Semestre\CG\Projeto-Meta2\Projeto-Meta2.cpp(51,24): warning C4838: conversion from 'double' to 'GLfloat' requires a narrowing conversion
C:\Users\anton\Desktop\Uni\3 Ano\2 Semestre\CG\Projeto-Meta2\Projeto-Meta2.cpp(51,24): warning C4244: 'initializing': conversion from 'double' to 'GLfloat', possible loss of data
C:\Users\anton\Desktop\Uni\3 Ano\2 Semestre\CG\Projeto-Meta2\Projeto-Meta2.cpp(52,9): warning C4838: conversion from 'double' to 'GLfloat' requires a narrowing conversion
C:\Users\anton\Desktop\Uni\3 Ano\2 Semestre\CG\Projeto-Meta2\Projeto-Meta2.cpp(52,9): warning C4244: 'initializing': conversion from 'double' to 'GLfloat', possible loss of data
C:\Users\anton\Desktop\Uni\3 Ano\2 Semestre\CG\Projeto-Meta2\Projeto-Meta2.cpp(52,24): warning C4838: conversion from 'double' to 'GLfloat' requires a narrowing conversion
C:\Users\anton\Desktop\Uni\3 Ano\2 Semestre\CG\Projeto-Meta2\Projeto-Meta2.cpp(52,24): warning C4244: 'initializing': conversion from 'double' to 'GLfloat', possible loss of data
C:\Users\anton\Desktop\Uni\3 Ano\2 Semestre\CG\Projeto-Meta2\Projeto-Meta2.cpp(53,9): warning C4838: conversion from 'double' to 'GLfloat' requires a narrowing conversion
C:\Users\anton\Desktop\Uni\3 Ano\2 Semestre\CG\Projeto-Meta2\Projeto-Meta2.cpp(53,9): warning C4244: 'initializing': conversion from 'double' to 'GLfloat', possible loss of data
C:\Users\anton\Desktop\Uni\3 Ano\2 Semestre\CG\Projeto-Meta2\Projeto-Meta2.cpp(54,9): warning C4838: conversion from 'double' to 'GLfloat' requires a narrowing conversion
C:\Users\anton\Desktop\Uni\3 Ano\2 Semestre\CG\Projeto-Meta2\Projeto-Meta2.cpp(54,9): warning C4244: 'initializing': conversion from 'double' to 'GLfloat', possible loss of data
C:\Users\anton\Desktop\Uni\3 Ano\2 Semestre\CG\Projeto-Meta2\Projeto-Meta2.cpp(55,9): warning C4838: conversion from 'double' to 'GLfloat' requires a narrowing conversion
C:\Users\anton\Desktop\Uni\3 Ano\2 Semestre\CG\Projeto-Meta2\Projeto-Meta2.cpp(55,9): warning C4244: 'initializing': conversion from 'double' to 'GLfloat', possible loss of data
C:\Users\anton\Desktop\Uni\3 Ano\2 Semestre\CG\Projeto-Meta2\Projeto-Meta2.cpp(55,25): warning C4838: conversion from 'double' to 'GLfloat' requires a narrowing conversion
C:\Users\anton\Desktop\Uni\3 Ano\2 Semestre\CG\Projeto-Meta2\Projeto-Meta2.cpp(55,25): warning C4244: 'initializing': conversion from 'double' to 'GLfloat', possible loss of data
C:\Users\anton\Desktop\Uni\3 Ano\2 Semestre\CG\Projeto-Meta2\Projeto-Meta2.cpp(56,9): warning C4838: conversion from 'double' to 'GLfloat' requires a narrowing conversion
C:\Users\anton\Desktop\Uni\3 Ano\2 Semestre\CG\Projeto-Meta2\Projeto-Meta2.cpp(56,9): warning C4244: 'initializing': conversion from 'double' to 'GLfloat', possible loss of data
C:\Users\anton\Desktop\Uni\3 Ano\2 Semestre\CG\Projeto-Meta2\Projeto-Meta2.cpp(56,25): warning C4838: conversion from 'double' to 'GLfloat' requires a narrowing conversion
C:\Users\anton\Desktop\Uni\3 Ano\2 Semestre\CG\Projeto-Meta2\Projeto-Meta2.cpp(56,25): warning C4244: 'initializing': conversion from 'double' to 'GLfloat', possible loss of data
C:\Users\anton\Desktop\Uni\3 Ano\2 Semestre\CG\Projeto-Meta2\Projeto-Meta2.cpp(58,8): warning C4838: conversion from 'double' to 'GLfloat' requires a narrowing conversion
C:\Users\anton\Desktop\Uni\3 Ano\2 Semestre\CG\Projeto-Meta2\Projeto-Meta2.cpp(58,8): warning C4244: 'initializing': conversion from 'double' to 'GLfloat', possible loss of data
C:\Users\anton\Desktop\Uni\3 Ano\2 Semestre\CG\Projeto-Meta2\Projeto-Meta2.cpp(59,8): warning C4838: conversion from 'double' to 'GLfloat' requires a narrowing conversion
C:\Users\anton\Desktop\Uni\3 Ano\2 Semestre\CG\Projeto-Meta2\Projeto-Meta2.cpp(59,8): warning C4244: 'initializing': conversion from 'double' to 'GLfloat', possible loss of data
C:\Users\anton\Desktop\Uni\3 Ano\2 Semestre\CG\Projeto-Meta2\Projeto-Meta2.cpp(60,8): warning C4838: conversion from 'double' to 'GLfloat' requires a narrowing conversion
C:\Users\anton\Desktop\Uni\3 Ano\2 Semestre\CG\Projeto-Meta2\Projeto-Meta2.cpp(60,8): warning C4244: 'initializing': conversion from 'double' to 'GLfloat', possible loss of data
C:\Users\anton\Desktop\Uni\3 Ano\2 Semestre\CG\Projeto-Meta2\Projeto-Meta2.cpp(60,23): warning C4838: conversion from 'double' to 'GLfloat' requires a narrowing conversion
C:\Users\anton\Desktop\Uni\3 Ano\2 Semestre\CG\Projeto-Meta2\Projeto-Meta2.cpp(60,23): warning C4244: 'initializing': conversion from 'double' to 'GLfloat', possible loss of data
C:\Users\anton\Desktop\Uni\3 Ano\2 Semestre\CG\Projeto-Meta2\Projeto-Meta2.cpp(61,8): warning C4838: conversion from 'double' to 'GLfloat' requires a narrowing conversion
C:\Users\anton\Desktop\Uni\3 Ano\2 Semestre\CG\Projeto-Meta2\Projeto-Meta2.cpp(61,8): warning C4244: 'initializing': conversion from 'double' to 'GLfloat', possible loss of data
C:\Users\anton\Desktop\Uni\3 Ano\2 Semestre\CG\Projeto-Meta2\Projeto-Meta2.cpp(61,23): warning C4838: conversion from 'double' to 'GLfloat' requires a narrowing conversion
C:\Users\anton\Desktop\Uni\3 Ano\2 Semestre\CG\Projeto-Meta2\Projeto-Meta2.cpp(61,23): warning C4244: 'initializing': conversion from 'double' to 'GLfloat', possible loss of data
C:\Users\anton\Desktop\Uni\3 Ano\2 Semestre\CG\Projeto-Meta2\Projeto-Meta2.cpp(62,8): warning C4838: conversion from 'double' to 'GLfloat' requires a narrowing conversion
C:\Users\anton\Desktop\Uni\3 Ano\2 Semestre\CG\Projeto-Meta2\Projeto-Meta2.cpp(62,8): warning C4244: 'initializing': conversion from 'double' to 'GLfloat', possible loss of data
C:\Users\anton\Desktop\Uni\3 Ano\2 Semestre\CG\Projeto-Meta2\Projeto-Meta2.cpp(63,8): warning C4838: conversion from 'double' to 'GLfloat' requires a narrowing conversion
C:\Users\anton\Desktop\Uni\3 Ano\2 Semestre\CG\Projeto-Meta2\Projeto-Meta2.cpp(63,8): warning C4244: 'initializing': conversion from 'double' to 'GLfloat', possible loss of data
C:\Users\anton\Desktop\Uni\3 Ano\2 Semestre\CG\Projeto-Meta2\Projeto-Meta2.cpp(64,8): warning C4838: conversion from 'double' to 'GLfloat' requires a narrowing conversion
C:\Users\anton\Desktop\Uni\3 Ano\2 Semestre\CG\Projeto-Meta2\Projeto-Meta2.cpp(64,8): warning C4244: 'initializing': conversion from 'double' to 'GLfloat', possible loss of data
C:\Users\anton\Desktop\Uni\3 Ano\2 Semestre\CG\Projeto-Meta2\Projeto-Meta2.cpp(64,24): warning C4838: conversion from 'double' to 'GLfloat' requires a narrowing conversion
C:\Users\anton\Desktop\Uni\3 Ano\2 Semestre\CG\Projeto-Meta2\Projeto-Meta2.cpp(64,24): warning C4244: 'initializing': conversion from 'double' to 'GLfloat', possible loss of data
C:\Users\anton\Desktop\Uni\3 Ano\2 Semestre\CG\Projeto-Meta2\Projeto-Meta2.cpp(65,8): warning C4838: conversion from 'double' to 'GLfloat' requires a narrowing conversion
C:\Users\anton\Desktop\Uni\3 Ano\2 Semestre\CG\Projeto-Meta2\Projeto-Meta2.cpp(65,8): warning C4244: 'initializing': conversion from 'double' to 'GLfloat', possible loss of data
C:\Users\anton\Desktop\Uni\3 Ano\2 Semestre\CG\Projeto-Meta2\Projeto-Meta2.cpp(65,24): warning C4838: conversion from 'double' to 'GLfloat' requires a narrowing conversion
C:\Users\anton\Desktop\Uni\3 Ano\2 Semestre\CG\Projeto-Meta2\Projeto-Meta2.cpp(65,24): warning C4244: 'initializing': conversion from 'double' to 'GLfloat', possible loss of data
C:\Users\anton\Desktop\Uni\3 Ano\2 Semestre\CG\Projeto-Meta2\Projeto-Meta2.cpp(67,9): warning C4838: conversion from 'double' to 'GLfloat' requires a narrowing conversion
C:\Users\anton\Desktop\Uni\3 Ano\2 Semestre\CG\Projeto-Meta2\Projeto-Meta2.cpp(67,9): warning C4244: 'initializing': conversion from 'double' to 'GLfloat', possible loss of data
C:\Users\anton\Desktop\Uni\3 Ano\2 Semestre\CG\Projeto-Meta2\Projeto-Meta2.cpp(68,9): warning C4838: conversion from 'double' to 'GLfloat' requires a narrowing conversion
C:\Users\anton\Desktop\Uni\3 Ano\2 Semestre\CG\Projeto-Meta2\Projeto-Meta2.cpp(68,9): warning C4244: 'initializing': conversion from 'double' to 'GLfloat', possible loss of data
C:\Users\anton\Desktop\Uni\3 Ano\2 Semestre\CG\Projeto-Meta2\Projeto-Meta2.cpp(69,9): warning C4838: conversion from 'double' to 'GLfloat' requires a narrowing conversion
C:\Users\anton\Desktop\Uni\3 Ano\2 Semestre\CG\Projeto-Meta2\Projeto-Meta2.cpp(69,9): warning C4244: 'initializing': conversion from 'double' to 'GLfloat', possible loss of data
C:\Users\anton\Desktop\Uni\3 Ano\2 Semestre\CG\Projeto-Meta2\Projeto-Meta2.cpp(69,23): warning C4838: conversion from 'double' to 'GLfloat' requires a narrowing conversion
C:\Users\anton\Desktop\Uni\3 Ano\2 Semestre\CG\Projeto-Meta2\Projeto-Meta2.cpp(69,23): warning C4244: 'initializing': conversion from 'double' to 'GLfloat', possible loss of data
C:\Users\anton\Desktop\Uni\3 Ano\2 Semestre\CG\Projeto-Meta2\Projeto-Meta2.cpp(70,9): warning C4838: conversion from 'double' to 'GLfloat' requires a narrowing conversion
C:\Users\anton\Desktop\Uni\3 Ano\2 Semestre\CG\Projeto-Meta2\Projeto-Meta2.cpp(70,9): warning C4244: 'initializing': conversion from 'double' to 'GLfloat', possible loss of data
C:\Users\anton\Desktop\Uni\3 Ano\2 Semestre\CG\Projeto-Meta2\Projeto-Meta2.cpp(70,23): warning C4838: conversion from 'double' to 'GLfloat' requires a narrowing conversion
C:\Users\anton\Desktop\Uni\3 Ano\2 Semestre\CG\Projeto-Meta2\Projeto-Meta2.cpp(70,23): warning C4244: 'initializing': conversion from 'double' to 'GLfloat', possible loss of data
C:\Users\anton\Desktop\Uni\3 Ano\2 Semestre\CG\Projeto-Meta2\Projeto-Meta2.cpp(71,9): warning C4838: conversion from 'double' to 'GLfloat' requires a narrowing conversion
C:\Users\anton\Desktop\Uni\3 Ano\2 Semestre\CG\Projeto-Meta2\Projeto-Meta2.cpp(71,9): warning C4244: 'initializing': conversion from 'double' to 'GLfloat', possible loss of data
C:\Users\anton\Desktop\Uni\3 Ano\2 Semestre\CG\Projeto-Meta2\Projeto-Meta2.cpp(72,9): warning C4838: conversion from 'double' to 'GLfloat' requires a narrowing conversion
C:\Users\anton\Desktop\Uni\3 Ano\2 Semestre\CG\Projeto-Meta2\Projeto-Meta2.cpp(72,9): warning C4244: 'initializing': conversion from 'double' to 'GLfloat', possible loss of data
C:\Users\anton\Desktop\Uni\3 Ano\2 Semestre\CG\Projeto-Meta2\Projeto-Meta2.cpp(73,9): warning C4838: conversion from 'double' to 'GLfloat' requires a narrowing conversion
C:\Users\anton\Desktop\Uni\3 Ano\2 Semestre\CG\Projeto-Meta2\Projeto-Meta2.cpp(73,9): warning C4244: 'initializing': conversion from 'double' to 'GLfloat', possible loss of data
C:\Users\anton\Desktop\Uni\3 Ano\2 Semestre\CG\Projeto-Meta2\Projeto-Meta2.cpp(73,24): warning C4838: conversion from 'double' to 'GLfloat' requires a narrowing conversion
C:\Users\anton\Desktop\Uni\3 Ano\2 Semestre\CG\Projeto-Meta2\Projeto-Meta2.cpp(73,24): warning C4244: 'initializing': conversion from 'double' to 'GLfloat', possible loss of data
C:\Users\anton\Desktop\Uni\3 Ano\2 Semestre\CG\Projeto-Meta2\Projeto-Meta2.cpp(74,9): warning C4838: conversion from 'double' to 'GLfloat' requires a narrowing conversion
C:\Users\anton\Desktop\Uni\3 Ano\2 Semestre\CG\Projeto-Meta2\Projeto-Meta2.cpp(74,9): warning C4244: 'initializing': conversion from 'double' to 'GLfloat', possible loss of data
C:\Users\anton\Desktop\Uni\3 Ano\2 Semestre\CG\Projeto-Meta2\Projeto-Meta2.cpp(74,24): warning C4838: conversion from 'double' to 'GLfloat' requires a narrowing conversion
C:\Users\anton\Desktop\Uni\3 Ano\2 Semestre\CG\Projeto-Meta2\Projeto-Meta2.cpp(74,24): warning C4244: 'initializing': conversion from 'double' to 'GLfloat', possible loss of data
C:\Users\anton\Desktop\Uni\3 Ano\2 Semestre\CG\Projeto-Meta2\Projeto-Meta2.cpp(76,8): warning C4838: conversion from 'double' to 'GLfloat' requires a narrowing conversion
C:\Users\anton\Desktop\Uni\3 Ano\2 Semestre\CG\Projeto-Meta2\Projeto-Meta2.cpp(76,8): warning C4244: 'initializing': conversion from 'double' to 'GLfloat', possible loss of data
C:\Users\anton\Desktop\Uni\3 Ano\2 Semestre\CG\Projeto-Meta2\Projeto-Meta2.cpp(77,8): warning C4838: conversion from 'double' to 'GLfloat' requires a narrowing conversion
C:\Users\anton\Desktop\Uni\3 Ano\2 Semestre\CG\Projeto-Meta2\Projeto-Meta2.cpp(77,8): warning C4244: 'initializing': conversion from 'double' to 'GLfloat', possible loss of data
C:\Users\anton\Desktop\Uni\3 Ano\2 Semestre\CG\Projeto-Meta2\Projeto-Meta2.cpp(78,8): warning C4838: conversion from 'double' to 'GLfloat' requires a narrowing conversion
C:\Users\anton\Desktop\Uni\3 Ano\2 Semestre\CG\Projeto-Meta2\Projeto-Meta2.cpp(78,8): warning C4244: 'initializing': conversion from 'double' to 'GLfloat', possible loss of data
C:\Users\anton\Desktop\Uni\3 Ano\2 Semestre\CG\Projeto-Meta2\Projeto-Meta2.cpp(78,22): warning C4838: conversion from 'double' to 'GLfloat' requires a narrowing conversion
C:\Users\anton\Desktop\Uni\3 Ano\2 Semestre\CG\Projeto-Meta2\Projeto-Meta2.cpp(78,22): warning C4244: 'initializing': conversion from 'double' to 'GLfloat', possible loss of data
C:\Users\anton\Desktop\Uni\3 Ano\2 Semestre\CG\Projeto-Meta2\Projeto-Meta2.cpp(79,8): warning C4838: conversion from 'double' to 'GLfloat' requires a narrowing conversion
C:\Users\anton\Desktop\Uni\3 Ano\2 Semestre\CG\Projeto-Meta2\Projeto-Meta2.cpp(79,8): warning C4244: 'initializing': conversion from 'double' to 'GLfloat', possible loss of data
C:\Users\anton\Desktop\Uni\3 Ano\2 Semestre\CG\Projeto-Meta2\Projeto-Meta2.cpp(79,22): warning C4838: conversion from 'double' to 'GLfloat' requires a narrowing conversion
C:\Users\anton\Desktop\Uni\3 Ano\2 Semestre\CG\Projeto-Meta2\Projeto-Meta2.cpp(79,22): warning C4244: 'initializing': conversion from 'double' to 'GLfloat', possible loss of data
C:\Users\anton\Desktop\Uni\3 Ano\2 Semestre\CG\Projeto-Meta2\Projeto-Meta2.cpp(80,8): warning C4838: conversion from 'double' to 'GLfloat' requires a narrowing conversion
C:\Users\anton\Desktop\Uni\3 Ano\2 Semestre\CG\Projeto-Meta2\Projeto-Meta2.cpp(80,8): warning C4244: 'initializing': conversion from 'double' to 'GLfloat', possible loss of data
C:\Users\anton\Desktop\Uni\3 Ano\2 Semestre\CG\Projeto-Meta2\Projeto-Meta2.cpp(81,8): warning C4838: conversion from 'double' to 'GLfloat' requires a narrowing conversion
C:\Users\anton\Desktop\Uni\3 Ano\2 Semestre\CG\Projeto-Meta2\Projeto-Meta2.cpp(81,8): warning C4244: 'initializing': conversion from 'double' to 'GLfloat', possible loss of data
C:\Users\anton\Desktop\Uni\3 Ano\2 Semestre\CG\Projeto-Meta2\Projeto-Meta2.cpp(82,8): warning C4838: conversion from 'double' to 'GLfloat' requires a narrowing conversion
C:\Users\anton\Desktop\Uni\3 Ano\2 Semestre\CG\Projeto-Meta2\Projeto-Meta2.cpp(82,8): warning C4244: 'initializing': conversion from 'double' to 'GLfloat', possible loss of data
C:\Users\anton\Desktop\Uni\3 Ano\2 Semestre\CG\Projeto-Meta2\Projeto-Meta2.cpp(82,23): warning C4838: conversion from 'double' to 'GLfloat' requires a narrowing conversion
C:\Users\anton\Desktop\Uni\3 Ano\2 Semestre\CG\Projeto-Meta2\Projeto-Meta2.cpp(82,23): warning C4244: 'initializing': conversion from 'double' to 'GLfloat', possible loss of data
C:\Users\anton\Desktop\Uni\3 Ano\2 Semestre\CG\Projeto-Meta2\Projeto-Meta2.cpp(83,8): warning C4838: conversion from 'double' to 'GLfloat' requires a narrowing conversion
C:\Users\anton\Desktop\Uni\3 Ano\2 Semestre\CG\Projeto-Meta2\Projeto-Meta2.cpp(83,8): warning C4244: 'initializing': conversion from 'double' to 'GLfloat', possible loss of data
C:\Users\anton\Desktop\Uni\3 Ano\2 Semestre\CG\Projeto-Meta2\Projeto-Meta2.cpp(83,23): warning C4838: conversion from 'double' to 'GLfloat' requires a narrowing conversion
C:\Users\anton\Desktop\Uni\3 Ano\2 Semestre\CG\Projeto-Meta2\Projeto-Meta2.cpp(83,23): warning C4244: 'initializing': conversion from 'double' to 'GLfloat', possible loss of data
C:\Users\anton\Desktop\Uni\3 Ano\2 Semestre\CG\Projeto-Meta2\Projeto-Meta2.cpp(86,8): warning C4838: conversion from 'double' to 'GLfloat' requires a narrowing conversion
C:\Users\anton\Desktop\Uni\3 Ano\2 Semestre\CG\Projeto-Meta2\Projeto-Meta2.cpp(86,8): warning C4244: 'initializing': conversion from 'double' to 'GLfloat', possible loss of data
C:\Users\anton\Desktop\Uni\3 Ano\2 Semestre\CG\Projeto-Meta2\Projeto-Meta2.cpp(87,7): warning C4838: conversion from 'double' to 'GLfloat' requires a narrowing conversion
C:\Users\anton\Desktop\Uni\3 Ano\2 Semestre\CG\Projeto-Meta2\Projeto-Meta2.cpp(87,7): warning C4244: 'initializing': conversion from 'double' to 'GLfloat', possible loss of data
C:\Users\anton\Desktop\Uni\3 Ano\2 Semestre\CG\Projeto-Meta2\Projeto-Meta2.cpp(88,7): warning C4838: conversion from 'double' to 'GLfloat' requires a narrowing conversion
C:\Users\anton\Desktop\Uni\3 Ano\2 Semestre\CG\Projeto-Meta2\Projeto-Meta2.cpp(88,7): warning C4244: 'initializing': conversion from 'double' to 'GLfloat', possible loss of data
C:\Users\anton\Desktop\Uni\3 Ano\2 Semestre\CG\Projeto-Meta2\Projeto-Meta2.cpp(89,7): warning C4838: conversion from 'double' to 'GLfloat' requires a narrowing conversion
C:\Users\anton\Desktop\Uni\3 Ano\2 Semestre\CG\Projeto-Meta2\Projeto-Meta2.cpp(89,7): warning C4244: 'initializing': conversion from 'double' to 'GLfloat', possible loss of data
C:\Users\anton\Desktop\Uni\3 Ano\2 Semestre\CG\Projeto-Meta2\Projeto-Meta2.cpp(211,1): warning C4305: 'initializing': truncation from 'double' to 'GLfloat'
C:\Users\anton\Desktop\Uni\3 Ano\2 Semestre\CG\Projeto-Meta2\Projeto-Meta2.cpp(280,40): warning C4305: 'initializing': truncation from 'double' to 'GLfloat'
C:\Users\anton\Desktop\Uni\3 Ano\2 Semestre\CG\Projeto-Meta2\Projeto-Meta2.cpp(280,57): warning C4305: 'initializing': truncation from 'double' to 'GLfloat'
C:\Users\anton\Desktop\Uni\3 Ano\2 Semestre\CG\Projeto-Meta2\Projeto-Meta2.cpp(281,27): warning C4838: conversion from 'double' to 'GLfloat' requires a narrowing conversion
C:\Users\anton\Desktop\Uni\3 Ano\2 Semestre\CG\Projeto-Meta2\Projeto-Meta2.cpp(281,27): warning C4244: 'initializing': conversion from 'double' to 'GLfloat', possible loss of data
C:\Users\anton\Desktop\Uni\3 Ano\2 Semestre\CG\Projeto-Meta2\Projeto-Meta2.cpp(281,65): warning C4838: conversion from 'double' to 'GLfloat' requires a narrowing conversion
C:\Users\anton\Desktop\Uni\3 Ano\2 Semestre\CG\Projeto-Meta2\Projeto-Meta2.cpp(281,65): warning C4244: 'initializing': conversion from 'double' to 'GLfloat', possible loss of data
C:\Users\anton\Desktop\Uni\3 Ano\2 Semestre\CG\Projeto-Meta2\Projeto-Meta2.cpp(306,26): warning C4305: 'initializing': truncation from 'double' to 'GLfloat'
C:\Users\anton\Desktop\Uni\3 Ano\2 Semestre\CG\Projeto-Meta2\Projeto-Meta2.cpp(312,20): warning C4305: 'initializing': truncation from 'double' to 'GLfloat'
C:\Users\anton\Desktop\Uni\3 Ano\2 Semestre\CG\Projeto-Meta2\Projeto-Meta2.cpp(428,51): warning C4305: 'argument': truncation from 'double' to 'GLfloat'
C:\Users\anton\Desktop\Uni\3 Ano\2 Semestre\CG\Projeto-Meta2\Projeto-Meta2.cpp(445,39): warning C4244: 'argument': conversion from 'GLint' to 'GLfloat', possible loss of data
C:\Users\anton\Desktop\Uni\3 Ano\2 Semestre\CG\Projeto-Meta2\Projeto-Meta2.cpp(451,39): warning C4244: 'argument': conversion from 'GLint' to 'GLfloat', possible loss of data
C:\Users\anton\Desktop\Uni\3 Ano\2 Semestre\CG\Projeto-Meta2\Projeto-Meta2.cpp(457,39): warning C4244: 'argument': conversion from 'GLint' to 'GLfloat', possible loss of data
C:\Users\anton\Desktop\Uni\3 Ano\2 Semestre\CG\Projeto-Meta2\Projeto-Meta2.cpp(463,39): warning C4244: 'argument': conversion from 'GLint' to 'GLfloat', possible loss of data
C:\Users\anton\Desktop\Uni\3 Ano\2 Semestre\CG\Projeto-Meta2\Projeto-Meta2.cpp(469,39): warning C4244: 'argument': conversion from 'GLint' to 'GLfloat', possible loss of data
C:\Users\anton\Desktop\Uni\3 Ano\2 Semestre\CG\Projeto-Meta2\Projeto-Meta2.cpp(475,39): warning C4244: 'argument': conversion from 'GLint' to 'GLfloat', possible loss of data
C:\Users\anton\Desktop\Uni\3 Ano\2 Semestre\CG\Projeto-Meta2\Projeto-Meta2.cpp(481,39): warning C4244: 'argument': conversion from 'GLint' to 'GLfloat', possible loss of data
C:\Users\anton\Desktop\Uni\3 Ano\2 Semestre\CG\Projeto-Meta2\Projeto-Meta2.cpp(487,39): warning C4244: 'argument': conversion from 'GLint' to 'GLfloat', possible loss of data
C:\Users\anton\Desktop\Uni\3 Ano\2 Semestre\CG\Projeto-Meta2\Projeto-Meta2.cpp(493,39): warning C4244: 'argument': conversion from 'GLint' to 'GLfloat', possible loss of data
C:\Users\anton\Desktop\Uni\3 Ano\2 Semestre\CG\Projeto-Meta2\Projeto-Meta2.cpp(499,39): warning C4244: 'argument': conversion from 'GLint' to 'GLfloat', possible loss of data
C:\Users\anton\Desktop\Uni\3 Ano\2 Semestre\CG\Projeto-Meta2\Projeto-Meta2.cpp(505,39): warning C4244: 'argument': conversion from 'GLint' to 'GLfloat', possible loss of data
C:\Users\anton\Desktop\Uni\3 Ano\2 Semestre\CG\Projeto-Meta2\Projeto-Meta2.cpp(511,39): warning C4244: 'argument': conversion from 'GLint' to 'GLfloat', possible loss of data
C:\Users\anton\Desktop\Uni\3 Ano\2 Semestre\CG\Projeto-Meta2\Projeto-Meta2.cpp(517,39): warning C4244: 'argument': conversion from 'GLint' to 'GLfloat', possible loss of data
C:\Users\anton\Desktop\Uni\3 Ano\2 Semestre\CG\Projeto-Meta2\Projeto-Meta2.cpp(523,39): warning C4244: 'argument': conversion from 'GLint' to 'GLfloat', possible loss of data
C:\Users\anton\Desktop\Uni\3 Ano\2 Semestre\CG\Projeto-Meta2\Projeto-Meta2.cpp(529,39): warning C4244: 'argument': conversion from 'GLint' to 'GLfloat', possible loss of data
C:\Users\anton\Desktop\Uni\3 Ano\2 Semestre\CG\Projeto-Meta2\Projeto-Meta2.cpp(535,39): warning C4244: 'argument': conversion from 'GLint' to 'GLfloat', possible loss of data
C:\Users\anton\Desktop\Uni\3 Ano\2 Semestre\CG\Projeto-Meta2\Projeto-Meta2.cpp(541,39): warning C4244: 'argument': conversion from 'GLint' to 'GLfloat', possible loss of data
C:\Users\anton\Desktop\Uni\3 Ano\2 Semestre\CG\Projeto-Meta2\Projeto-Meta2.cpp(547,39): warning C4244: 'argument': conversion from 'GLint' to 'GLfloat', possible loss of data
C:\Users\anton\Desktop\Uni\3 Ano\2 Semestre\CG\Projeto-Meta2\Projeto-Meta2.cpp(553,39): warning C4244: 'argument': conversion from 'GLint' to 'GLfloat', possible loss of data
C:\Users\anton\Desktop\Uni\3 Ano\2 Semestre\CG\Projeto-Meta2\Projeto-Meta2.cpp(559,39): warning C4244: 'argument': conversion from 'GLint' to 'GLfloat', possible loss of data
C:\Users\anton\Desktop\Uni\3 Ano\2 Semestre\CG\Projeto-Meta2\Projeto-Meta2.cpp(565,39): warning C4244: 'argument': conversion from 'GLint' to 'GLfloat', possible loss of data
C:\Users\anton\Desktop\Uni\3 Ano\2 Semestre\CG\Projeto-Meta2\Projeto-Meta2.cpp(571,39): warning C4244: 'argument': conversion from 'GLint' to 'GLfloat', possible loss of data
C:\Users\anton\Desktop\Uni\3 Ano\2 Semestre\CG\Projeto-Meta2\Projeto-Meta2.cpp(577,39): warning C4244: 'argument': conversion from 'GLint' to 'GLfloat', possible loss of data
C:\Users\anton\Desktop\Uni\3 Ano\2 Semestre\CG\Projeto-Meta2\Projeto-Meta2.cpp(583,39): warning C4244: 'argument': conversion from 'GLint' to 'GLfloat', possible loss of data
C:\Users\anton\Desktop\Uni\3 Ano\2 Semestre\CG\Projeto-Meta2\Projeto-Meta2.cpp(633,24): warning C4305: 'argument': truncation from 'double' to 'GLfloat'
C:\Users\anton\Desktop\Uni\3 Ano\2 Semestre\CG\Projeto-Meta2\Projeto-Meta2.cpp(666,84): warning C4244: 'argument': conversion from 'GLfloat' to 'GLint', possible loss of data
C:\Users\anton\Desktop\Uni\3 Ano\2 Semestre\CG\Projeto-Meta2\Projeto-Meta2.cpp(666,65): warning C4244: 'argument': conversion from 'GLfloat' to 'GLint', possible loss of data
C:\Users\anton\Desktop\Uni\3 Ano\2 Semestre\CG\Projeto-Meta2\Projeto-Meta2.cpp(667,104): warning C4244: 'argument': conversion from 'GLfloat' to 'GLint', possible loss of data
C:\Users\anton\Desktop\Uni\3 Ano\2 Semestre\CG\Projeto-Meta2\Projeto-Meta2.cpp(667,85): warning C4244: 'argument': conversion from 'GLfloat' to 'GLint', possible loss of data
C:\Users\anton\Desktop\Uni\3 Ano\2 Semestre\CG\Projeto-Meta2\Projeto-Meta2.cpp(668,122): warning C4244: 'argument': conversion from 'GLfloat' to 'GLint', possible loss of data
C:\Users\anton\Desktop\Uni\3 Ano\2 Semestre\CG\Projeto-Meta2\Projeto-Meta2.cpp(668,88): warning C4244: 'argument': conversion from 'GLfloat' to 'GLint', possible loss of data
C:\Users\anton\Desktop\Uni\3 Ano\2 Semestre\CG\Projeto-Meta2\Projeto-Meta2.cpp(669,105): warning C4244: 'argument': conversion from 'GLfloat' to 'GLint', possible loss of data
C:\Users\anton\Desktop\Uni\3 Ano\2 Semestre\CG\Projeto-Meta2\Projeto-Meta2.cpp(669,71): warning C4244: 'argument': conversion from 'GLfloat' to 'GLint', possible loss of data
C:\Users\anton\Desktop\Uni\3 Ano\2 Semestre\CG\Projeto-Meta2\Projeto-Meta2.cpp(671,32): warning C4244: '+=': conversion from 'GLfloat' to 'int', possible loss of data
C:\Users\anton\Desktop\Uni\3 Ano\2 Semestre\CG\Projeto-Meta2\Projeto-Meta2.cpp(673,31): warning C4244: '+=': conversion from 'GLfloat' to 'int', possible loss of data
C:\Users\anton\Desktop\Uni\3 Ano\2 Semestre\CG\Projeto-Meta2\Projeto-Meta2.cpp(685,52): warning C4244: 'argument': conversion from 'GLfloat' to 'GLint', possible loss of data
C:\Users\anton\Desktop\Uni\3 Ano\2 Semestre\CG\Projeto-Meta2\Projeto-Meta2.cpp(685,43): warning C4244: 'argument': conversion from 'GLfloat' to 'GLint', possible loss of data
C:\Users\anton\Desktop\Uni\3 Ano\2 Semestre\CG\Projeto-Meta2\Projeto-Meta2.cpp(686,50): warning C4244: 'argument': conversion from 'GLfloat' to 'GLint', possible loss of data
C:\Users\anton\Desktop\Uni\3 Ano\2 Semestre\CG\Projeto-Meta2\Projeto-Meta2.cpp(686,42): warning C4244: 'argument': conversion from 'GLfloat' to 'GLint', possible loss of data
C:\Users\anton\Desktop\Uni\3 Ano\2 Semestre\CG\Projeto-Meta2\Projeto-Meta2.cpp(687,51): warning C4244: 'argument': conversion from 'GLfloat' to 'GLint', possible loss of data
C:\Users\anton\Desktop\Uni\3 Ano\2 Semestre\CG\Projeto-Meta2\Projeto-Meta2.cpp(687,43): warning C4244: 'argument': conversion from 'GLfloat' to 'GLint', possible loss of data
C:\Users\anton\Desktop\Uni\3 Ano\2 Semestre\CG\Projeto-Meta2\Projeto-Meta2.cpp(688,52): warning C4244: 'argument': conversion from 'GLfloat' to 'GLint', possible loss of data
C:\Users\anton\Desktop\Uni\3 Ano\2 Semestre\CG\Projeto-Meta2\Projeto-Meta2.cpp(688,43): warning C4244: 'argument': conversion from 'GLfloat' to 'GLint', possible loss of data
C:\Users\anton\Desktop\Uni\3 Ano\2 Semestre\CG\Projeto-Meta2\Projeto-Meta2.cpp(759,58): warning C4244: 'argument': conversion from 'GLfloat' to 'GLint', possible loss of data
C:\Users\anton\Desktop\Uni\3 Ano\2 Semestre\CG\Projeto-Meta2\Projeto-Meta2.cpp(759,53): warning C4244: 'argument': conversion from 'GLfloat' to 'GLint', possible loss of data
C:\Users\anton\Desktop\Uni\3 Ano\2 Semestre\CG\Projeto-Meta2\Projeto-Meta2.cpp(759,43): warning C4244: 'argument': conversion from 'GLfloat' to 'GLint', possible loss of data
C:\Users\anton\Desktop\Uni\3 Ano\2 Semestre\CG\Projeto-Meta2\Projeto-Meta2.cpp(760,57): warning C4244: 'argument': conversion from 'GLfloat' to 'GLint', possible loss of data
C:\Users\anton\Desktop\Uni\3 Ano\2 Semestre\CG\Projeto-Meta2\Projeto-Meta2.cpp(760,52): warning C4244: 'argument': conversion from 'GLfloat' to 'GLint', possible loss of data
C:\Users\anton\Desktop\Uni\3 Ano\2 Semestre\CG\Projeto-Meta2\Projeto-Meta2.cpp(760,42): warning C4244: 'argument': conversion from 'GLfloat' to 'GLint', possible loss of data
C:\Users\anton\Desktop\Uni\3 Ano\2 Semestre\CG\Projeto-Meta2\Projeto-Meta2.cpp(761,52): warning C4244: 'argument': conversion from 'GLfloat' to 'GLint', possible loss of data
C:\Users\anton\Desktop\Uni\3 Ano\2 Semestre\CG\Projeto-Meta2\Projeto-Meta2.cpp(761,48): warning C4244: 'argument': conversion from 'GLfloat' to 'GLint', possible loss of data
C:\Users\anton\Desktop\Uni\3 Ano\2 Semestre\CG\Projeto-Meta2\Projeto-Meta2.cpp(761,43): warning C4244: 'argument': conversion from 'GLfloat' to 'GLint', possible loss of data
C:\Users\anton\Desktop\Uni\3 Ano\2 Semestre\CG\Projeto-Meta2\Projeto-Meta2.cpp(762,52): warning C4244: 'argument': conversion from 'GLfloat' to 'GLint', possible loss of data
C:\Users\anton\Desktop\Uni\3 Ano\2 Semestre\CG\Projeto-Meta2\Projeto-Meta2.cpp(762,48): warning C4244: 'argument': conversion from 'GLfloat' to 'GLint', possible loss of data
C:\Users\anton\Desktop\Uni\3 Ano\2 Semestre\CG\Projeto-Meta2\Projeto-Meta2.cpp(762,43): warning C4244: 'argument': conversion from 'GLfloat' to 'GLint', possible loss of data
C:\Users\anton\Desktop\Uni\3 Ano\2 Semestre\CG\Projeto-Meta2\Projeto-Meta2.cpp(771,57): warning C4244: 'argument': conversion from 'GLfloat' to 'GLint', possible loss of data
C:\Users\anton\Desktop\Uni\3 Ano\2 Semestre\CG\Projeto-Meta2\Projeto-Meta2.cpp(771,52): warning C4244: 'argument': conversion from 'GLfloat' to 'GLint', possible loss of data
C:\Users\anton\Desktop\Uni\3 Ano\2 Semestre\CG\Projeto-Meta2\Projeto-Meta2.cpp(771,43): warning C4244: 'argument': conversion from 'GLfloat' to 'GLint', possible loss of data
C:\Users\anton\Desktop\Uni\3 Ano\2 Semestre\CG\Projeto-Meta2\Projeto-Meta2.cpp(772,56): warning C4244: 'argument': conversion from 'GLfloat' to 'GLint', possible loss of data
C:\Users\anton\Desktop\Uni\3 Ano\2 Semestre\CG\Projeto-Meta2\Projeto-Meta2.cpp(772,51): warning C4244: 'argument': conversion from 'GLfloat' to 'GLint', possible loss of data
C:\Users\anton\Desktop\Uni\3 Ano\2 Semestre\CG\Projeto-Meta2\Projeto-Meta2.cpp(772,42): warning C4244: 'argument': conversion from 'GLfloat' to 'GLint', possible loss of data
C:\Users\anton\Desktop\Uni\3 Ano\2 Semestre\CG\Projeto-Meta2\Projeto-Meta2.cpp(773,51): warning C4244: 'argument': conversion from 'GLfloat' to 'GLint', possible loss of data
C:\Users\anton\Desktop\Uni\3 Ano\2 Semestre\CG\Projeto-Meta2\Projeto-Meta2.cpp(773,47): warning C4244: 'argument': conversion from 'GLfloat' to 'GLint', possible loss of data
C:\Users\anton\Desktop\Uni\3 Ano\2 Semestre\CG\Projeto-Meta2\Projeto-Meta2.cpp(773,43): warning C4244: 'argument': conversion from 'GLfloat' to 'GLint', possible loss of data
C:\Users\anton\Desktop\Uni\3 Ano\2 Semestre\CG\Projeto-Meta2\Projeto-Meta2.cpp(774,51): warning C4244: 'argument': conversion from 'GLfloat' to 'GLint', possible loss of data
C:\Users\anton\Desktop\Uni\3 Ano\2 Semestre\CG\Projeto-Meta2\Projeto-Meta2.cpp(774,47): warning C4244: 'argument': conversion from 'GLfloat' to 'GLint', possible loss of data
C:\Users\anton\Desktop\Uni\3 Ano\2 Semestre\CG\Projeto-Meta2\Projeto-Meta2.cpp(774,43): warning C4244: 'argument': conversion from 'GLfloat' to 'GLint', possible loss of data
C:\Users\anton\Desktop\Uni\3 Ano\2 Semestre\CG\Projeto-Meta2\Projeto-Meta2.cpp(783,58): warning C4244: 'argument': conversion from 'GLfloat' to 'GLint', possible loss of data
C:\Users\anton\Desktop\Uni\3 Ano\2 Semestre\CG\Projeto-Meta2\Projeto-Meta2.cpp(783,53): warning C4244: 'argument': conversion from 'GLfloat' to 'GLint', possible loss of data
C:\Users\anton\Desktop\Uni\3 Ano\2 Semestre\CG\Projeto-Meta2\Projeto-Meta2.cpp(783,43): warning C4244: 'argument': conversion from 'GLfloat' to 'GLint', possible loss of data
C:\Users\anton\Desktop\Uni\3 Ano\2 Semestre\CG\Projeto-Meta2\Projeto-Meta2.cpp(784,56): warning C4244: 'argument': conversion from 'GLfloat' to 'GLint', possible loss of data
C:\Users\anton\Desktop\Uni\3 Ano\2 Semestre\CG\Projeto-Meta2\Projeto-Meta2.cpp(784,51): warning C4244: 'argument': conversion from 'GLfloat' to 'GLint', possible loss of data
C:\Users\anton\Desktop\Uni\3 Ano\2 Semestre\CG\Projeto-Meta2\Projeto-Meta2.cpp(784,42): warning C4244: 'argument': conversion from 'GLfloat' to 'GLint', possible loss of data
C:\Users\anton\Desktop\Uni\3 Ano\2 Semestre\CG\Projeto-Meta2\Projeto-Meta2.cpp(785,51): warning C4244: 'argument': conversion from 'GLfloat' to 'GLint', possible loss of data
C:\Users\anton\Desktop\Uni\3 Ano\2 Semestre\CG\Projeto-Meta2\Projeto-Meta2.cpp(785,47): warning C4244: 'argument': conversion from 'GLfloat' to 'GLint', possible loss of data
C:\Users\anton\Desktop\Uni\3 Ano\2 Semestre\CG\Projeto-Meta2\Projeto-Meta2.cpp(785,43): warning C4244: 'argument': conversion from 'GLfloat' to 'GLint', possible loss of data
C:\Users\anton\Desktop\Uni\3 Ano\2 Semestre\CG\Projeto-Meta2\Projeto-Meta2.cpp(786,52): warning C4244: 'argument': conversion from 'GLfloat' to 'GLint', possible loss of data
C:\Users\anton\Desktop\Uni\3 Ano\2 Semestre\CG\Projeto-Meta2\Projeto-Meta2.cpp(786,48): warning C4244: 'argument': conversion from 'GLfloat' to 'GLint', possible loss of data
C:\Users\anton\Desktop\Uni\3 Ano\2 Semestre\CG\Projeto-Meta2\Projeto-Meta2.cpp(786,43): warning C4244: 'argument': conversion from 'GLfloat' to 'GLint', possible loss of data
C:\Users\anton\Desktop\Uni\3 Ano\2 Semestre\CG\Projeto-Meta2\Projeto-Meta2.cpp(795,58): warning C4244: 'argument': conversion from 'GLfloat' to 'GLint', possible loss of data
C:\Users\anton\Desktop\Uni\3 Ano\2 Semestre\CG\Projeto-Meta2\Projeto-Meta2.cpp(795,53): warning C4244: 'argument': conversion from 'GLfloat' to 'GLint', possible loss of data
C:\Users\anton\Desktop\Uni\3 Ano\2 Semestre\CG\Projeto-Meta2\Projeto-Meta2.cpp(795,43): warning C4244: 'argument': conversion from 'GLfloat' to 'GLint', possible loss of data
C:\Users\anton\Desktop\Uni\3 Ano\2 Semestre\CG\Projeto-Meta2\Projeto-Meta2.cpp(796,56): warning C4244: 'argument': conversion from 'GLfloat' to 'GLint', possible loss of data
C:\Users\anton\Desktop\Uni\3 Ano\2 Semestre\CG\Projeto-Meta2\Projeto-Meta2.cpp(796,51): warning C4244: 'argument': conversion from 'GLfloat' to 'GLint', possible loss of data
C:\Users\anton\Desktop\Uni\3 Ano\2 Semestre\CG\Projeto-Meta2\Projeto-Meta2.cpp(796,42): warning C4244: 'argument': conversion from 'GLfloat' to 'GLint', possible loss of data
C:\Users\anton\Desktop\Uni\3 Ano\2 Semestre\CG\Projeto-Meta2\Projeto-Meta2.cpp(797,51): warning C4244: 'argument': conversion from 'GLfloat' to 'GLint', possible loss of data
C:\Users\anton\Desktop\Uni\3 Ano\2 Semestre\CG\Projeto-Meta2\Projeto-Meta2.cpp(797,47): warning C4244: 'argument': conversion from 'GLfloat' to 'GLint', possible loss of data
C:\Users\anton\Desktop\Uni\3 Ano\2 Semestre\CG\Projeto-Meta2\Projeto-Meta2.cpp(797,43): warning C4244: 'argument': conversion from 'GLfloat' to 'GLint', possible loss of data
C:\Users\anton\Desktop\Uni\3 Ano\2 Semestre\CG\Projeto-Meta2\Projeto-Meta2.cpp(798,52): warning C4244: 'argument': conversion from 'GLfloat' to 'GLint', possible loss of data
C:\Users\anton\Desktop\Uni\3 Ano\2 Semestre\CG\Projeto-Meta2\Projeto-Meta2.cpp(798,48): warning C4244: 'argument': conversion from 'GLfloat' to 'GLint', possible loss of data
C:\Users\anton\Desktop\Uni\3 Ano\2 Semestre\CG\Projeto-Meta2\Projeto-Meta2.cpp(798,43): warning C4244: 'argument': conversion from 'GLfloat' to 'GLint', possible loss of data
C:\Users\anton\Desktop\Uni\3 Ano\2 Semestre\CG\Projeto-Meta2\Projeto-Meta2.cpp(806,31): warning C4305: 'argument': truncation from 'double' to 'GLfloat'
C:\Users\anton\Desktop\Uni\3 Ano\2 Semestre\CG\Projeto-Meta2\Projeto-Meta2.cpp(814,17): warning C4244: 'argument': conversion from 'double' to 'GLfloat', possible loss of data
C:\Users\anton\Desktop\Uni\3 Ano\2 Semestre\CG\Projeto-Meta2\Projeto-Meta2.cpp(815,21): warning C4305: 'argument': truncation from 'double' to 'GLfloat'
C:\Users\anton\Desktop\Uni\3 Ano\2 Semestre\CG\Projeto-Meta2\Projeto-Meta2.cpp(817,23): warning C4305: 'argument': truncation from 'double' to 'GLfloat'
C:\Users\anton\Desktop\Uni\3 Ano\2 Semestre\CG\Projeto-Meta2\Projeto-Meta2.cpp(942,26): warning C4305: 'argument': truncation from 'double' to 'GLfloat'
C:\Users\anton\Desktop\Uni\3 Ano\2 Semestre\CG\Projeto-Meta2\Projeto-Meta2.cpp(943,20): warning C4305: 'argument': truncation from 'double' to 'GLfloat'
C:\Users\anton\Desktop\Uni\3 Ano\2 Semestre\CG\Projeto-Meta2\Projeto-Meta2.cpp(963,28): warning C4305: 'argument': truncation from 'double' to 'GLfloat'
C:\Users\anton\Desktop\Uni\3 Ano\2 Semestre\CG\Projeto-Meta2\Projeto-Meta2.cpp(970,28): warning C4305: 'argument': truncation from 'double' to 'GLfloat'
C:\Users\anton\Desktop\Uni\3 Ano\2 Semestre\CG\Projeto-Meta2\Projeto-Meta2.cpp(977,29): warning C4305: 'argument': truncation from 'double' to 'GLfloat'
C:\Users\anton\Desktop\Uni\3 Ano\2 Semestre\CG\Projeto-Meta2\Projeto-Meta2.cpp(999,29): warning C4244: 'argument': conversion from 'double' to 'GLfloat', possible loss of data
C:\Users\anton\Desktop\Uni\3 Ano\2 Semestre\CG\Projeto-Meta2\Projeto-Meta2.cpp(1000,21): warning C4305: 'argument': truncation from 'double' to 'GLfloat'
C:\Users\anton\Desktop\Uni\3 Ano\2 Semestre\CG\Projeto-Meta2\Projeto-Meta2.cpp(1002,22): warning C4305: 'argument': truncation from 'double' to 'GLfloat'
C:\Users\anton\Desktop\Uni\3 Ano\2 Semestre\CG\Projeto-Meta2\Projeto-Meta2.cpp(1016,33): warning C4305: 'argument': truncation from 'double' to 'GLfloat'
C:\Users\anton\Desktop\Uni\3 Ano\2 Semestre\CG\Projeto-Meta2\Projeto-Meta2.cpp(1023,18): warning C4244: 'argument': conversion from 'double' to 'GLfloat', possible loss of data
C:\Users\anton\Desktop\Uni\3 Ano\2 Semestre\CG\Projeto-Meta2\Projeto-Meta2.cpp(1024,21): warning C4305: 'argument': truncation from 'double' to 'GLfloat'
C:\Users\anton\Desktop\Uni\3 Ano\2 Semestre\CG\Projeto-Meta2\Projeto-Meta2.cpp(1026,22): warning C4305: 'argument': truncation from 'double' to 'GLfloat'
C:\Users\anton\Desktop\Uni\3 Ano\2 Semestre\CG\Projeto-Meta2\Projeto-Meta2.cpp(1050,42): warning C4244: 'argument': conversion from 'int' to 'GLfloat', possible loss of data
C:\Users\anton\Desktop\Uni\3 Ano\2 Semestre\CG\Projeto-Meta2\Projeto-Meta2.cpp(1050,20): warning C4244: 'argument': conversion from 'double' to 'GLfloat', possible loss of data
C:\Users\anton\Desktop\Uni\3 Ano\2 Semestre\CG\Projeto-Meta2\Projeto-Meta2.cpp(1072,24): warning C4305: 'argument': truncation from 'double' to 'GLfloat'
C:\Users\anton\Desktop\Uni\3 Ano\2 Semestre\CG\Projeto-Meta2\Projeto-Meta2.cpp(1084,32): warning C4305: 'argument': truncation from 'double' to 'GLfloat'
C:\Users\anton\Desktop\Uni\3 Ano\2 Semestre\CG\Projeto-Meta2\Projeto-Meta2.cpp(1092,20): warning C4305: 'argument': truncation from 'double' to 'GLfloat'
C:\Users\anton\Desktop\Uni\3 Ano\2 Semestre\CG\Projeto-Meta2\Projeto-Meta2.cpp(1096,28): warning C4305: 'argument': truncation from 'double' to 'float'
C:\Users\anton\Desktop\Uni\3 Ano\2 Semestre\CG\Projeto-Meta2\Projeto-Meta2.cpp(1097,27): warning C4305: 'argument': truncation from 'double' to 'float'
C:\Users\anton\Desktop\Uni\3 Ano\2 Semestre\CG\Projeto-Meta2\Projeto-Meta2.cpp(1098,28): warning C4305: 'argument': truncation from 'double' to 'float'
C:\Users\anton\Desktop\Uni\3 Ano\2 Semestre\CG\Projeto-Meta2\Projeto-Meta2.cpp(1099,27): warning C4305: 'argument': truncation from 'double' to 'float'
C:\Users\anton\Desktop\Uni\3 Ano\2 Semestre\CG\Projeto-Meta2\Projeto-Meta2.cpp(1165,25): warning C4244: '=': conversion from 'double' to 'GLfloat', possible loss of data
C:\Users\anton\Desktop\Uni\3 Ano\2 Semestre\CG\Projeto-Meta2\Projeto-Meta2.cpp(1173,25): warning C4244: '=': conversion from 'double' to 'GLfloat', possible loss of data
C:\Users\anton\Desktop\Uni\3 Ano\2 Semestre\CG\Projeto-Meta2\Projeto-Meta2.cpp(1254,25): warning C4305: '-=': truncation from 'double' to 'GLfloat'
C:\Users\anton\Desktop\Uni\3 Ano\2 Semestre\CG\Projeto-Meta2\Projeto-Meta2.cpp(1255,25): warning C4305: '-=': truncation from 'double' to 'GLfloat'
C:\Users\anton\Desktop\Uni\3 Ano\2 Semestre\CG\Projeto-Meta2\Projeto-Meta2.cpp(1261,25): warning C4305: '+=': truncation from 'double' to 'GLfloat'
C:\Users\anton\Desktop\Uni\3 Ano\2 Semestre\CG\Projeto-Meta2\Projeto-Meta2.cpp(1262,25): warning C4305: '+=': truncation from 'double' to 'GLfloat'
C:\Users\anton\Desktop\Uni\3 Ano\2 Semestre\CG\Projeto-Meta2\Projeto-Meta2.cpp(1273,25): warning C4305: '-=': truncation from 'double' to 'GLfloat'
C:\Users\anton\Desktop\Uni\3 Ano\2 Semestre\CG\Projeto-Meta2\Projeto-Meta2.cpp(1274,25): warning C4305: '-=': truncation from 'double' to 'GLfloat'
C:\Users\anton\Desktop\Uni\3 Ano\2 Semestre\CG\Projeto-Meta2\Projeto-Meta2.cpp(1280,25): warning C4305: '+=': truncation from 'double' to 'GLfloat'
C:\Users\anton\Desktop\Uni\3 Ano\2 Semestre\CG\Projeto-Meta2\Projeto-Meta2.cpp(1281,25): warning C4305: '+=': truncation from 'double' to 'GLfloat'
C:\Users\anton\Desktop\Uni\3 Ano\2 Semestre\CG\Projeto-Meta2\Projeto-Meta2.cpp(1291,25): warning C4305: '-=': truncation from 'double' to 'GLfloat'
C:\Users\anton\Desktop\Uni\3 Ano\2 Semestre\CG\Projeto-Meta2\Projeto-Meta2.cpp(1292,25): warning C4305: '-=': truncation from 'double' to 'GLfloat'
C:\Users\anton\Desktop\Uni\3 Ano\2 Semestre\CG\Projeto-Meta2\Projeto-Meta2.cpp(1298,25): warning C4305: '+=': truncation from 'double' to 'GLfloat'
C:\Users\anton\Desktop\Uni\3 Ano\2 Semestre\CG\Projeto-Meta2\Projeto-Meta2.cpp(1299,25): warning C4305: '+=': truncation from 'double' to 'GLfloat'
C:\Users\anton\Desktop\Uni\3 Ano\2 Semestre\CG\Projeto-Meta2\Projeto-Meta2.cpp(1311,26): warning C4305: '-=': truncation from 'double' to 'GLfloat'
C:\Users\anton\Desktop\Uni\3 Ano\2 Semestre\CG\Projeto-Meta2\Projeto-Meta2.cpp(1312,26): warning C4305: '-=': truncation from 'double' to 'GLfloat'
C:\Users\anton\Desktop\Uni\3 Ano\2 Semestre\CG\Projeto-Meta2\Projeto-Meta2.cpp(1318,26): warning C4305: '+=': truncation from 'double' to 'GLfloat'
C:\Users\anton\Desktop\Uni\3 Ano\2 Semestre\CG\Projeto-Meta2\Projeto-Meta2.cpp(1319,26): warning C4305: '+=': truncation from 'double' to 'GLfloat'
C:\Users\anton\Desktop\Uni\3 Ano\2 Semestre\CG\Projeto-Meta2\Projeto-Meta2.cpp(1330,26): warning C4305: '-=': truncation from 'double' to 'GLfloat'
C:\Users\anton\Desktop\Uni\3 Ano\2 Semestre\CG\Projeto-Meta2\Projeto-Meta2.cpp(1331,26): warning C4305: '-=': truncation from 'double' to 'GLfloat'
C:\Users\anton\Desktop\Uni\3 Ano\2 Semestre\CG\Projeto-Meta2\Projeto-Meta2.cpp(1337,26): warning C4305: '+=': truncation from 'double' to 'GLfloat'
C:\Users\anton\Desktop\Uni\3 Ano\2 Semestre\CG\Projeto-Meta2\Projeto-Meta2.cpp(1338,26): warning C4305: '+=': truncation from 'double' to 'GLfloat'
C:\Users\anton\Desktop\Uni\3 Ano\2 Semestre\CG\Projeto-Meta2\Projeto-Meta2.cpp(1348,26): warning C4305: '-=': truncation from 'double' to 'GLfloat'
C:\Users\anton\Desktop\Uni\3 Ano\2 Semestre\CG\Projeto-Meta2\Projeto-Meta2.cpp(1349,26): warning C4305: '-=': truncation from 'double' to 'GLfloat'
C:\Users\anton\Desktop\Uni\3 Ano\2 Semestre\CG\Projeto-Meta2\Projeto-Meta2.cpp(1355,26): warning C4305: '+=': truncation from 'double' to 'GLfloat'
C:\Users\anton\Desktop\Uni\3 Ano\2 Semestre\CG\Projeto-Meta2\Projeto-Meta2.cpp(1356,26): warning C4305: '+=': truncation from 'double' to 'GLfloat'
C:\Users\anton\Desktop\Uni\3 Ano\2 Semestre\CG\Projeto-Meta2\Projeto-Meta2.cpp(1392,30): warning C4305: '-=': truncation from 'double' to 'GLfloat'
C:\Users\anton\Desktop\Uni\3 Ano\2 Semestre\CG\Projeto-Meta2\Projeto-Meta2.cpp(1394,30): warning C4305: '=': truncation from 'double' to 'GLfloat'
C:\Users\anton\Desktop\Uni\3 Ano\2 Semestre\CG\Projeto-Meta2\Projeto-Meta2.cpp(1399,30): warning C4305: '+=': truncation from 'double' to 'GLfloat'
C:\Users\anton\Desktop\Uni\3 Ano\2 Semestre\CG\Projeto-Meta2\Projeto-Meta2.cpp(1418,31): warning C4305: '=': truncation from 'double' to 'GLfloat'
C:\Users\anton\Desktop\Uni\3 Ano\2 Semestre\CG\Projeto-Meta2\Projeto-Meta2.cpp(1419,31): warning C4305: '=': truncation from 'double' to 'GLfloat'
C:\Users\anton\Desktop\Uni\3 Ano\2 Semestre\CG\Projeto-Meta2\Projeto-Meta2.cpp(1420,31): warning C4305: '=': truncation from 'double' to 'GLfloat'
C:\Users\anton\Desktop\Uni\3 Ano\2 Semestre\CG\Projeto-Meta2\Projeto-Meta2.cpp(1436,29): warning C4305: '=': truncation from 'double' to 'GLfloat'
C:\Users\anton\Desktop\Uni\3 Ano\2 Semestre\CG\Projeto-Meta2\Projeto-Meta2.cpp(1437,26): warning C4305: '=': truncation from 'double' to 'GLfloat'
C:\Users\anton\Desktop\Uni\3 Ano\2 Semestre\CG\Projeto-Meta2\Projeto-Meta2.cpp(1438,28): warning C4305: '=': truncation from 'double' to 'GLfloat'
C:\Users\anton\Desktop\Uni\3 Ano\2 Semestre\CG\Projeto-Meta2\Projeto-Meta2.cpp(1454,29): warning C4305: '=': truncation from 'double' to 'GLfloat'
C:\Users\anton\Desktop\Uni\3 Ano\2 Semestre\CG\Projeto-Meta2\Projeto-Meta2.cpp(1455,26): warning C4305: '=': truncation from 'double' to 'GLfloat'
C:\Users\anton\Desktop\Uni\3 Ano\2 Semestre\CG\Projeto-Meta2\Projeto-Meta2.cpp(1456,29): warning C4305: '=': truncation from 'double' to 'GLfloat'
C:\Users\anton\Desktop\Uni\3 Ano\2 Semestre\CG\Projeto-Meta2\Projeto-Meta2.cpp(1494,47): warning C4244: '=': conversion from 'double' to 'GLfloat', possible loss of data
C:\Users\anton\Desktop\Uni\3 Ano\2 Semestre\CG\Projeto-Meta2\Projeto-Meta2.cpp(1495,47): warning C4244: '=': conversion from 'double' to 'GLfloat', possible loss of data
C:\Users\anton\Desktop\Uni\3 Ano\2 Semestre\CG\Projeto-Meta2\Projeto-Meta2.cpp(1496,46): warning C4244: '=': conversion from 'double' to 'GLfloat', possible loss of data
C:\Users\anton\Desktop\Uni\3 Ano\2 Semestre\CG\Projeto-Meta2\Projeto-Meta2.cpp(1497,46): warning C4244: '=': conversion from 'double' to 'GLfloat', possible loss of data
C:\Users\anton\Desktop\Uni\3 Ano\2 Semestre\CG\Projeto-Meta2\Projeto-Meta2.cpp(1502,19): warning C4244: '=': conversion from 'double' to 'GLfloat', possible loss of data
C:\Users\anton\Desktop\Uni\3 Ano\2 Semestre\CG\Projeto-Meta2\Projeto-Meta2.cpp(1503,19): warning C4244: '=': conversion from 'double' to 'GLfloat', possible loss of data
  Projeto-Meta2.vcxproj -> C:\Users\anton\Desktop\Uni\3 Ano\2 Semestre\CG\Projeto-Meta2\Debug\Projeto-Meta2.exe
